<?xml version="1.0" encoding="UTF-8"?>
<!-- Generated by org.testng.reporters.JUnitXMLReporter -->
<testsuite ignored="0" hostname="Sasikumar" failures="0" tests="3" name="Test" time="9.313" errors="0" timestamp="2023-11-24T00:50:14 IST">
  <testcase classname="org.test.testPages.LoginPage" name="ValidCredentials" time="0.955"/>
  <testcase classname="org.test.testPages.Login" name="LoginPageFunctionalites" time="0.613"/>
  <testcase classname="org.test.testPages.Login" name="LoginUI" time="0.33"/>
</testsuite> <!-- Test -->
